0 info it worked if it ends with ok
1 verbose cli [ 'C:\\Users\\p.kuriata\\Documents\\DALK.PL_ANALYZER\\packages\\Node.js.5.3.0\\node.exe',
1 verbose cli   'C:\\Users\\p.kuriata\\Documents\\DALK.PL_ANALYZER\\packages\\Npm.js.1.3.15.7\\tools\\node_modules\\npm\\bin\\npm-cli.js',
1 verbose cli   'install' ]
2 info using npm@1.3.15
3 info using node@v5.3.0
4 error install Couldn't read dependencies
5 error package.json ENOENT: no such file or directory, open 'C:\Users\p.kuriata\Documents\DALK.PL_ANALYZER\DALK.PL_ANALYZER\package.json'
5 error package.json This is most likely not a problem with npm itself.
5 error package.json npm can't find a package.json file in your current directory.
6 error System Windows_NT 6.3.9600
7 error command "C:\\Users\\p.kuriata\\Documents\\DALK.PL_ANALYZER\\packages\\Node.js.5.3.0\\node.exe" "C:\\Users\\p.kuriata\\Documents\\DALK.PL_ANALYZER\\packages\\Npm.js.1.3.15.7\\tools\\node_modules\\npm\\bin\\npm-cli.js" "install"
8 error cwd C:\Users\p.kuriata\Documents\DALK.PL_ANALYZER\DALK.PL_ANALYZER
9 error node -v v5.3.0
10 error npm -v 1.3.15
11 error path C:\Users\p.kuriata\Documents\DALK.PL_ANALYZER\DALK.PL_ANALYZER\package.json
12 error syscall open
13 error code ENOPACKAGEJSON
14 error errno -4058
15 verbose exit [ -4058, true ]
